ERROR:root:Файл 297e4dc6-07d1-420d-a5ae-e4aff3aedc19.json не валидный имее ошибку, необходимо посмотреть следущее утвеждение 'type' is a required property
INFO:root:Файл 297e4dc6-07d1-420d-a5ae-e4aff3aedc19.json исправный
INFO:root:Файл f5656ff6-29e1-46b0-8d8a-ff77f9cc0953.json исправный
ERROR:root:Битый файл 29f0bfa7-bd51-4d45-93be-f6ead1ae0b96.json
ERROR:root:Файл bb998113-bc02-4cd1-9410-d9ae94f53eb0.json не валидный имее ошибку, необходимо посмотреть следущее утвеждение 'unique_id' is a required property
INFO:root:Файл bb998113-bc02-4cd1-9410-d9ae94f53eb0.json исправный
ERROR:root:Битый файл a95d845c-8d9e-4e07-8948-275167643a40.json
ERROR:root:Битый файл 29f0bfa7-bd51-4d45-93be-f6ead1ae0b96.json
ERROR:root:Битый файл a95d845c-8d9e-4e07-8948-275167643a40.json
INFO:root:Файл e2d760c3-7e10-4464-ab22-7fda6b5e2562.json исправный
ERROR:root:Файл ffe6b214-d543-40a8-8da3-deb0dc5bbd8c.json не валидный имее ошибку, необходимо посмотреть следущее утвеждение None is not of type 'integer'
INFO:root:Файл ffe6b214-d543-40a8-8da3-deb0dc5bbd8c.json исправный
ERROR:root:Файл 3ade063d-d1b9-453f-85b4-dda7bfda4711.json не валидный имее ошибку, необходимо посмотреть следущее утвеждение 'datetime' is a required property
INFO:root:Файл 3ade063d-d1b9-453f-85b4-dda7bfda4711.json исправный
ERROR:root:Файл fb1a0854-9535-404d-9bdd-9ec0abb6cd6c.json не валидный имее ошибку, необходимо посмотреть следущее утвеждение 'cmarkers' is a required property
INFO:root:Файл fb1a0854-9535-404d-9bdd-9ec0abb6cd6c.json исправный
ERROR:root:Битый файл 29f0bfa7-bd51-4d45-93be-f6ead1ae0b96.json
ERROR:root:Битый файл a95d845c-8d9e-4e07-8948-275167643a40.json
INFO:root:Файл 3b4088ef-7521-4114-ac56-57c68632d431.json исправный
ERROR:root:Файл ba25151c-914f-4f47-909a-7a65a6339f34.json не валидный имее ошибку, необходимо посмотреть следущее утвеждение 'rr_id' is a required property
INFO:root:Файл ba25151c-914f-4f47-909a-7a65a6339f34.json исправный
ERROR:root:Файл 1eba2aa1-2acf-460d-91e6-55a8c3e3b7a3.json не валидный имее ошибку, необходимо посмотреть следущее утвеждение 'unique_id' is a required property
INFO:root:Файл 1eba2aa1-2acf-460d-91e6-55a8c3e3b7a3.json исправный
ERROR:root:Битый файл 29f0bfa7-bd51-4d45-93be-f6ead1ae0b96.json
ERROR:root:Файл cc07e442-7986-4714-8fc2-ac2256690a90.json не валидный имее ошибку, необходимо посмотреть следущее утвеждение None is not of type 'object'
INFO:root:Файл cc07e442-7986-4714-8fc2-ac2256690a90.json исправный
ERROR:root:Битый файл a95d845c-8d9e-4e07-8948-275167643a40.json
